Using pre-set license
Built from '2020.2/release' branch; Version is '2020.2.4f1 (becced5a802b) revision 12504301'; Using compiler version '192528614'; Build Type 'Release'
OS: 'Windows 10 Pro; OS build 18363.1379; Version 1909; 64bit' Language: 'en' Physical Memory: 32708 MB
BatchMode: 1, IsHumanControllingUs: 0, StartBugReporterOnCrash: 0, Is64bit: 1, IsPro: 0

 COMMAND LINE ARGUMENTS:
C:\Program Files\Unity\Hub\Editor\2020.2.4f1\Editor\Unity.exe
-adb2
-batchMode
-noUpm
-name
AssetImportWorker0
-projectPath
C:/Users/natkinson2/Desktop/AGA206/Roll-A-Ball
-logFile
Logs/AssetImportWorker0.log
-srvPort
55453
Successfully changed project path to: C:/Users/natkinson2/Desktop/AGA206/Roll-A-Ball
C:/Users/natkinson2/Desktop/AGA206/Roll-A-Ball
Using Asset Import Pipeline V2.
Refreshing native plugins compatible for Editor in 16.28 ms, found 0 plugins.
Preloading 0 native plugins for Editor in 0.00 ms.
Initialize engine version: 2020.2.4f1 (becced5a802b)
[Subsystems] Discovering subsystems at path C:/Program Files/Unity/Hub/Editor/2020.2.4f1/Editor/Data/Resources/UnitySubsystems
[Subsystems] Discovering subsystems at path C:/Users/natkinson2/Desktop/AGA206/Roll-A-Ball/Assets
GfxDevice: creating device client; threaded=0
Direct3D:
    Version:  Direct3D 11.0 [level 11.1]
    Renderer: NVIDIA GeForce RTX 2060 (ID=0x1f08)
    Vendor:   
    VRAM:     5980 MB
    Driver:   27.21.14.6259
Initialize mono
Mono path[0] = 'C:/Program Files/Unity/Hub/Editor/2020.2.4f1/Editor/Data/Managed'
Mono path[1] = 'C:/Program Files/Unity/Hub/Editor/2020.2.4f1/Editor/Data/MonoBleedingEdge/lib/mono/unityjit'
Mono config path = 'C:/Program Files/Unity/Hub/Editor/2020.2.4f1/Editor/Data/MonoBleedingEdge/etc'
Using monoOptions --debugger-agent=transport=dt_socket,embedding=1,server=y,suspend=n,address=127.0.0.1:56460
Begin MonoManager ReloadAssembly
Registering precompiled unity dll's ...
Register platform support module: C:/Program Files/Unity/Hub/Editor/2020.2.4f1/Editor/Data/PlaybackEngines/WindowsStandaloneSupport/UnityEditor.WindowsStandalone.Extensions.dll
Registered in 0.001809 seconds.
Native extension for WindowsStandalone target not found
Refreshing native plugins compatible for Editor in 13.46 ms, found 0 plugins.
Preloading 0 native plugins for Editor in 0.00 ms.
Invoked RoslynAnalysisRunner static constructor.
RoslynAnalysisRunner will not be running.
RoslynAnalysisRunner has terminated.
Mono: successfully reloaded assembly
- Completed reload, in  1.022 seconds
Platform modules already initialized, skipping
Registering precompiled user dll's ...
Registered in 0.000569 seconds.
Begin MonoManager ReloadAssembly
Native extension for WindowsStandalone target not found
Refreshing native plugins compatible for Editor in 0.11 ms, found 0 plugins.
Preloading 0 native plugins for Editor in 0.00 ms.
Invoked RoslynAnalysisRunner static constructor.
RoslynAnalysisRunner will not be running.
RoslynAnalysisRunner has terminated.
Mono: successfully reloaded assembly
- Completed reload, in  0.637 seconds
Platform modules already initialized, skipping
========================================================================
Worker process is ready to serve import requests
Launched and connected shader compiler UnityShaderCompiler.exe after 0.04 seconds
Refreshing native plugins compatible for Editor in 0.11 ms, found 0 plugins.
Preloading 0 native plugins for Editor in 0.00 ms.
Unloading 662 Unused Serialized files (Serialized files now loaded: 0)
System memory in use before: 45.7 MB.
System memory in use after: 45.7 MB.

Unloading 8 unused Assets to reduce memory usage. Loaded Objects now: 1104.
Total: 1.418400 ms (FindLiveObjects: 0.085700 ms CreateObjectMapping: 0.018300 ms MarkObjects: 1.229200 ms  DeleteObjects: 0.084600 ms)

========================================================================
Received Import Request.
  path: Assets/Scenes/Level1.unity
  artifactKey: Guid(a32f61f57bac9ec4094b0bd166d7712b) Importer(815301076,1909f56bfc062723c751e8b465ee728b)
Start importing Assets/Scenes/Level1.unity using Guid(a32f61f57bac9ec4094b0bd166d7712b) Importer(815301076,1909f56bfc062723c751e8b465ee728b)  -> (artifact id: '86f06989009e38a14459d9ba48363220') in 0.007953 seconds
  Import took 0.008901 seconds .

========================================================================
Received Import Request.
  Time since last request: 224.936665 seconds.
  path: Assets/Scenes/LevelTest.unity
  artifactKey: Guid(a65a723871732ae41af416726f2f691d) Importer(815301076,1909f56bfc062723c751e8b465ee728b)
Start importing Assets/Scenes/LevelTest.unity using Guid(a65a723871732ae41af416726f2f691d) Importer(815301076,1909f56bfc062723c751e8b465ee728b)  -> (artifact id: 'fbde97c5b7ea1501225d84fc60d9d8a2') in 0.002542 seconds
  Import took 0.003616 seconds .

========================================================================
Received Prepare
Registering precompiled user dll's ...
Registered in 0.000570 seconds.
Begin MonoManager ReloadAssembly
Native extension for WindowsStandalone target not found
Refreshing native plugins compatible for Editor in 0.11 ms, found 0 plugins.
Preloading 0 native plugins for Editor in 0.00 ms.
Invoked RoslynAnalysisRunner static constructor.
RoslynAnalysisRunner will not be running.
RoslynAnalysisRunner has terminated.
Mono: successfully reloaded assembly
- Completed reload, in  0.592 seconds
Platform modules already initialized, skipping
Refreshing native plugins compatible for Editor in 0.12 ms, found 0 plugins.
Preloading 0 native plugins for Editor in 0.00 ms.
Unloading 643 Unused Serialized files (Serialized files now loaded: 0)
System memory in use before: 44.6 MB.
System memory in use after: 44.6 MB.

Unloading 4 unused Assets to reduce memory usage. Loaded Objects now: 1106.
Total: 1.086800 ms (FindLiveObjects: 0.068900 ms CreateObjectMapping: 0.014400 ms MarkObjects: 0.992600 ms  DeleteObjects: 0.009900 ms)

========================================================================
Received Prepare
Registering precompiled user dll's ...
Registered in 0.001295 seconds.
Begin MonoManager ReloadAssembly
Native extension for WindowsStandalone target not found
Refreshing native plugins compatible for Editor in 0.11 ms, found 0 plugins.
Preloading 0 native plugins for Editor in 0.00 ms.
Invoked RoslynAnalysisRunner static constructor.
RoslynAnalysisRunner will not be running.
RoslynAnalysisRunner has terminated.
Mono: successfully reloaded assembly
- Completed reload, in  0.581 seconds
Platform modules already initialized, skipping
Refreshing native plugins compatible for Editor in 0.11 ms, found 0 plugins.
Preloading 0 native plugins for Editor in 0.00 ms.
Unloading 643 Unused Serialized files (Serialized files now loaded: 0)
System memory in use before: 44.5 MB.
System memory in use after: 44.6 MB.

Unloading 4 unused Assets to reduce memory usage. Loaded Objects now: 1108.
Total: 1.036800 ms (FindLiveObjects: 0.071000 ms CreateObjectMapping: 0.015300 ms MarkObjects: 0.940200 ms  DeleteObjects: 0.009300 ms)

========================================================================
Received Prepare
Registering precompiled user dll's ...
Registered in 0.000508 seconds.
Begin MonoManager ReloadAssembly
Native extension for WindowsStandalone target not found
Refreshing native plugins compatible for Editor in 0.11 ms, found 0 plugins.
Preloading 0 native plugins for Editor in 0.00 ms.
Invoked RoslynAnalysisRunner static constructor.
RoslynAnalysisRunner will not be running.
RoslynAnalysisRunner has terminated.
Mono: successfully reloaded assembly
- Completed reload, in  0.573 seconds
Platform modules already initialized, skipping
Refreshing native plugins compatible for Editor in 0.11 ms, found 0 plugins.
Preloading 0 native plugins for Editor in 0.00 ms.
Unloading 643 Unused Serialized files (Serialized files now loaded: 0)
System memory in use before: 44.6 MB.
System memory in use after: 44.6 MB.

Unloading 4 unused Assets to reduce memory usage. Loaded Objects now: 1110.
Total: 1.151300 ms (FindLiveObjects: 0.087400 ms CreateObjectMapping: 0.015200 ms MarkObjects: 1.039200 ms  DeleteObjects: 0.008600 ms)

========================================================================
Received Import Request.
  Time since last request: 2246.532192 seconds.
  path: Assets/Scenes/Level1.unity
  artifactKey: Guid(a32f61f57bac9ec4094b0bd166d7712b) Importer(815301076,1909f56bfc062723c751e8b465ee728b)
Start importing Assets/Scenes/Level1.unity using Guid(a32f61f57bac9ec4094b0bd166d7712b) Importer(815301076,1909f56bfc062723c751e8b465ee728b)  -> (artifact id: '790b5145a913366c9f9da4c13bfee6fe') in 0.011383 seconds
  Import took 0.012576 seconds .

========================================================================
Received Prepare
Registering precompiled user dll's ...
Registered in 0.000572 seconds.
Begin MonoManager ReloadAssembly
Native extension for WindowsStandalone target not found
Refreshing native plugins compatible for Editor in 0.12 ms, found 0 plugins.
Preloading 0 native plugins for Editor in 0.00 ms.
Invoked RoslynAnalysisRunner static constructor.
RoslynAnalysisRunner will not be running.
RoslynAnalysisRunner has terminated.
Mono: successfully reloaded assembly
- Completed reload, in  0.584 seconds
Platform modules already initialized, skipping
Refreshing native plugins compatible for Editor in 0.11 ms, found 0 plugins.
Preloading 0 native plugins for Editor in 0.00 ms.
Unloading 643 Unused Serialized files (Serialized files now loaded: 0)
System memory in use before: 44.6 MB.
System memory in use after: 44.6 MB.

Unloading 4 unused Assets to reduce memory usage. Loaded Objects now: 1112.
Total: 1.038800 ms (FindLiveObjects: 0.076000 ms CreateObjectMapping: 0.014900 ms MarkObjects: 0.938300 ms  DeleteObjects: 0.008700 ms)

========================================================================
Received Prepare
Registering precompiled user dll's ...
Registered in 0.000540 seconds.
Begin MonoManager ReloadAssembly
Native extension for WindowsStandalone target not found
Refreshing native plugins compatible for Editor in 0.11 ms, found 0 plugins.
Preloading 0 native plugins for Editor in 0.00 ms.
Invoked RoslynAnalysisRunner static constructor.
RoslynAnalysisRunner will not be running.
RoslynAnalysisRunner has terminated.
Mono: successfully reloaded assembly
- Completed reload, in  0.581 seconds
Platform modules already initialized, skipping
Refreshing native plugins compatible for Editor in 0.11 ms, found 0 plugins.
Preloading 0 native plugins for Editor in 0.00 ms.
Unloading 643 Unused Serialized files (Serialized files now loaded: 0)
System memory in use before: 44.6 MB.
System memory in use after: 44.6 MB.

Unloading 4 unused Assets to reduce memory usage. Loaded Objects now: 1114.
Total: 1.431900 ms (FindLiveObjects: 0.097400 ms CreateObjectMapping: 0.017400 ms MarkObjects: 1.304800 ms  DeleteObjects: 0.011000 ms)

========================================================================
Received Import Request.
  Time since last request: 387.077818 seconds.
  path: Assets/Scripts/PlayerController.cs
  artifactKey: Guid(28d866e8380baae45a51ffbf7b013710) Importer(815301076,1909f56bfc062723c751e8b465ee728b)
Start importing Assets/Scripts/PlayerController.cs using Guid(28d866e8380baae45a51ffbf7b013710) Importer(815301076,1909f56bfc062723c751e8b465ee728b)  -> (artifact id: '2a718704c7ebbb1346ea943535f21196') in 0.017047 seconds
  Import took 0.018096 seconds .

========================================================================
Received Import Request.
  Time since last request: 0.001020 seconds.
  path: Assets/Scripts/PlayerController.cs
  artifactKey: Guid(28d866e8380baae45a51ffbf7b013710) Importer(815301076,1909f56bfc062723c751e8b465ee728b)
Start importing Assets/Scripts/PlayerController.cs using Guid(28d866e8380baae45a51ffbf7b013710) Importer(815301076,1909f56bfc062723c751e8b465ee728b)  -> (artifact id: '2a718704c7ebbb1346ea943535f21196') in 0.001884 seconds
  Import took 0.003050 seconds .

========================================================================
Received Import Request.
  Time since last request: 246.344059 seconds.
  path: Assets/Scenes/Title.unity
  artifactKey: Guid(0980bfe9c5cc93f4289099e07d5d7b09) Importer(815301076,1909f56bfc062723c751e8b465ee728b)
Start importing Assets/Scenes/Title.unity using Guid(0980bfe9c5cc93f4289099e07d5d7b09) Importer(815301076,1909f56bfc062723c751e8b465ee728b)  -> (artifact id: '9d80a9235724b16931fa0ee5aa93fdce') in 0.007318 seconds
  Import took 0.008495 seconds .

========================================================================
Received Import Request.
  Time since last request: 31.060535 seconds.
  path: Assets/Images/Background.jpg
  artifactKey: Guid(3aace8b30518dc54aa8412540f80da72) Importer(815301076,1909f56bfc062723c751e8b465ee728b)
Start importing Assets/Images/Background.jpg using Guid(3aace8b30518dc54aa8412540f80da72) Importer(815301076,1909f56bfc062723c751e8b465ee728b)  -> (artifact id: '542cd3a23d2a245d2f8531bfd90a65a6') in 0.034066 seconds
  Import took 0.035055 seconds .

========================================================================
Received Import Request.
  Time since last request: 0.002819 seconds.
  path: Assets/Images/Background.jpg
  artifactKey: Guid(3aace8b30518dc54aa8412540f80da72) Importer(815301076,1909f56bfc062723c751e8b465ee728b)
Start importing Assets/Images/Background.jpg using Guid(3aace8b30518dc54aa8412540f80da72) Importer(815301076,1909f56bfc062723c751e8b465ee728b)  -> (artifact id: '542cd3a23d2a245d2f8531bfd90a65a6') in 0.007325 seconds
  Import took 0.008314 seconds .

========================================================================
Received Prepare
Registering precompiled user dll's ...
Registered in 0.000548 seconds.
Begin MonoManager ReloadAssembly
Native extension for WindowsStandalone target not found
Refreshing native plugins compatible for Editor in 0.11 ms, found 0 plugins.
Preloading 0 native plugins for Editor in 0.00 ms.
Invoked RoslynAnalysisRunner static constructor.
RoslynAnalysisRunner will not be running.
RoslynAnalysisRunner has terminated.
Mono: successfully reloaded assembly
- Completed reload, in  0.608 seconds
Platform modules already initialized, skipping
Refreshing native plugins compatible for Editor in 0.11 ms, found 0 plugins.
Preloading 0 native plugins for Editor in 0.00 ms.
Unloading 643 Unused Serialized files (Serialized files now loaded: 0)
System memory in use before: 44.6 MB.
System memory in use after: 44.7 MB.

Unloading 4 unused Assets to reduce memory usage. Loaded Objects now: 1118.
Total: 1.138300 ms (FindLiveObjects: 0.066200 ms CreateObjectMapping: 0.015500 ms MarkObjects: 1.046700 ms  DeleteObjects: 0.008800 ms)

========================================================================
Received Import Request.
  Time since last request: 584.088206 seconds.
  path: Assets/Scenes/Title.unity
  artifactKey: Guid(0980bfe9c5cc93f4289099e07d5d7b09) Importer(815301076,1909f56bfc062723c751e8b465ee728b)
Start importing Assets/Scenes/Title.unity using Guid(0980bfe9c5cc93f4289099e07d5d7b09) Importer(815301076,1909f56bfc062723c751e8b465ee728b)  -> (artifact id: '89a5f50f6097fbede0a9584f75f1e510') in 0.010831 seconds
  Import took 0.012061 seconds .

AssetImportWorkerClient::OnTransportError - code=2 error=End of file
