Using pre-set license
Built from '2020.2/release' branch; Version is '2020.2.4f1 (becced5a802b) revision 12504301'; Using compiler version '192528614'; Build Type 'Release'
OS: 'Windows 10 Pro; OS build 18363.1379; Version 1909; 64bit' Language: 'en' Physical Memory: 32708 MB
BatchMode: 1, IsHumanControllingUs: 0, StartBugReporterOnCrash: 0, Is64bit: 1, IsPro: 0

 COMMAND LINE ARGUMENTS:
C:\Program Files\Unity\Hub\Editor\2020.2.4f1\Editor\Unity.exe
-adb2
-batchMode
-noUpm
-name
AssetImportWorker0
-projectPath
C:/Users/Ultimo.Media/Desktop/RollABall/RollABall
-logFile
Logs/AssetImportWorker0.log
-srvPort
53025
Successfully changed project path to: C:/Users/Ultimo.Media/Desktop/RollABall/RollABall
C:/Users/Ultimo.Media/Desktop/RollABall/RollABall
Using Asset Import Pipeline V2.
Refreshing native plugins compatible for Editor in 14.18 ms, found 0 plugins.
Preloading 0 native plugins for Editor in 0.00 ms.
Initialize engine version: 2020.2.4f1 (becced5a802b)
[Subsystems] Discovering subsystems at path C:/Program Files/Unity/Hub/Editor/2020.2.4f1/Editor/Data/Resources/UnitySubsystems
[Subsystems] Discovering subsystems at path C:/Users/Ultimo.Media/Desktop/RollABall/RollABall/Assets
GfxDevice: creating device client; threaded=0
Direct3D:
    Version:  Direct3D 11.0 [level 11.1]
    Renderer: NVIDIA GeForce RTX 2060 (ID=0x1f08)
    Vendor:   
    VRAM:     5980 MB
    Driver:   27.21.14.6259
Initialize mono
Mono path[0] = 'C:/Program Files/Unity/Hub/Editor/2020.2.4f1/Editor/Data/Managed'
Mono path[1] = 'C:/Program Files/Unity/Hub/Editor/2020.2.4f1/Editor/Data/MonoBleedingEdge/lib/mono/unityjit'
Mono config path = 'C:/Program Files/Unity/Hub/Editor/2020.2.4f1/Editor/Data/MonoBleedingEdge/etc'
Using monoOptions --debugger-agent=transport=dt_socket,embedding=1,server=y,suspend=n,address=127.0.0.1:56680
Begin MonoManager ReloadAssembly
Registering precompiled unity dll's ...
Register platform support module: C:/Program Files/Unity/Hub/Editor/2020.2.4f1/Editor/Data/PlaybackEngines/WindowsStandaloneSupport/UnityEditor.WindowsStandalone.Extensions.dll
Registered in 0.001427 seconds.
Native extension for WindowsStandalone target not found
Refreshing native plugins compatible for Editor in 12.96 ms, found 0 plugins.
Preloading 0 native plugins for Editor in 0.00 ms.
Invoked RoslynAnalysisRunner static constructor.
RoslynAnalysisRunner will not be running.
RoslynAnalysisRunner has terminated.
Mono: successfully reloaded assembly
- Completed reload, in  0.787 seconds
Platform modules already initialized, skipping
Registering precompiled user dll's ...
Registered in 0.000527 seconds.
Begin MonoManager ReloadAssembly
Native extension for WindowsStandalone target not found
Refreshing native plugins compatible for Editor in 0.12 ms, found 0 plugins.
Preloading 0 native plugins for Editor in 0.00 ms.
Invoked RoslynAnalysisRunner static constructor.
RoslynAnalysisRunner will not be running.
RoslynAnalysisRunner has terminated.
Mono: successfully reloaded assembly
- Completed reload, in  0.756 seconds
Platform modules already initialized, skipping
========================================================================
Worker process is ready to serve import requests
Launched and connected shader compiler UnityShaderCompiler.exe after 0.06 seconds
Refreshing native plugins compatible for Editor in 0.11 ms, found 0 plugins.
Preloading 0 native plugins for Editor in 0.00 ms.
Unloading 660 Unused Serialized files (Serialized files now loaded: 0)
System memory in use before: 45.3 MB.
System memory in use after: 45.3 MB.

Unloading 8 unused Assets to reduce memory usage. Loaded Objects now: 1101.
Total: 5.701300 ms (FindLiveObjects: 0.077000 ms CreateObjectMapping: 0.017100 ms MarkObjects: 3.642900 ms  DeleteObjects: 1.962500 ms)

========================================================================
Received Import Request.
  path: Assets/Scenes/MyLevel.unity
  artifactKey: Guid(a32f61f57bac9ec4094b0bd166d7712b) Importer(815301076,1909f56bfc062723c751e8b465ee728b)
Start importing Assets/Scenes/MyLevel.unity using Guid(a32f61f57bac9ec4094b0bd166d7712b) Importer(815301076,1909f56bfc062723c751e8b465ee728b)  -> (artifact id: '74cd933e9dd3ebadd01b33e1b8157a9e') in 0.025881 seconds
  Import took 0.027758 seconds .

========================================================================
Received Import Request.
  Time since last request: 0.000177 seconds.
  path: Assets/Scenes
  artifactKey: Guid(63ac7ddb90d6a36479045127c35812b4) Importer(815301076,1909f56bfc062723c751e8b465ee728b)
Start importing Assets/Scenes using Guid(63ac7ddb90d6a36479045127c35812b4) Importer(815301076,1909f56bfc062723c751e8b465ee728b)  -> (artifact id: '7eeacd6bac740f1e245082620fe6f8d2') in 0.012362 seconds
  Import took 0.014927 seconds .

========================================================================
Received Import Request.
  Time since last request: 6.419688 seconds.
  path: Assets/Scenes/Title.unity
  artifactKey: Guid(0980bfe9c5cc93f4289099e07d5d7b09) Importer(815301076,1909f56bfc062723c751e8b465ee728b)
Start importing Assets/Scenes/Title.unity using Guid(0980bfe9c5cc93f4289099e07d5d7b09) Importer(815301076,1909f56bfc062723c751e8b465ee728b)  -> (artifact id: 'e7a22366b4ef9c9ad76ecadf99e36135') in 0.001915 seconds
  Import took 0.002965 seconds .

========================================================================
Received Import Request.
  Time since last request: 0.000239 seconds.
  path: Assets/Scenes/Title.unity
  artifactKey: Guid(0980bfe9c5cc93f4289099e07d5d7b09) Importer(815301076,1909f56bfc062723c751e8b465ee728b)
Start importing Assets/Scenes/Title.unity using Guid(0980bfe9c5cc93f4289099e07d5d7b09) Importer(815301076,1909f56bfc062723c751e8b465ee728b)  -> (artifact id: 'e7a22366b4ef9c9ad76ecadf99e36135') in 0.001600 seconds
  Import took 0.002465 seconds .

========================================================================
Received Import Request.
  Time since last request: 286.548432 seconds.
  path: Assets/Scenes/SampleScene.unity
  artifactKey: Guid(9fc0d4010bbf28b4594072e72b8655ab) Importer(815301076,1909f56bfc062723c751e8b465ee728b)
Start importing Assets/Scenes/SampleScene.unity using Guid(9fc0d4010bbf28b4594072e72b8655ab) Importer(815301076,1909f56bfc062723c751e8b465ee728b)  -> (artifact id: '853bf6e70ae1b5aa6e2e41e1f4b59f0e') in 0.002388 seconds
  Import took 0.003863 seconds .

========================================================================
Received Import Request.
  Time since last request: 0.000632 seconds.
  path: Assets/Scenes/SampleScene.unity
  artifactKey: Guid(9fc0d4010bbf28b4594072e72b8655ab) Importer(815301076,1909f56bfc062723c751e8b465ee728b)
Start importing Assets/Scenes/SampleScene.unity using Guid(9fc0d4010bbf28b4594072e72b8655ab) Importer(815301076,1909f56bfc062723c751e8b465ee728b)  -> (artifact id: '853bf6e70ae1b5aa6e2e41e1f4b59f0e') in 0.001993 seconds
  Import took 0.003037 seconds .

========================================================================
Received Import Request.
  Time since last request: 3.085849 seconds.
  path: Assets/Scenes/Assembly.unity
  artifactKey: Guid(de34ac5c3c64cb745948e6ae80214c89) Importer(815301076,1909f56bfc062723c751e8b465ee728b)
Start importing Assets/Scenes/Assembly.unity using Guid(de34ac5c3c64cb745948e6ae80214c89) Importer(815301076,1909f56bfc062723c751e8b465ee728b)  -> (artifact id: 'c6c848de863bfcd8696251f7073e7361') in 0.001998 seconds
  Import took 0.002981 seconds .

========================================================================
Received Import Request.
  Time since last request: 0.000219 seconds.
  path: Assets/Scenes/Assembly.unity
  artifactKey: Guid(de34ac5c3c64cb745948e6ae80214c89) Importer(815301076,1909f56bfc062723c751e8b465ee728b)
Start importing Assets/Scenes/Assembly.unity using Guid(de34ac5c3c64cb745948e6ae80214c89) Importer(815301076,1909f56bfc062723c751e8b465ee728b)  -> (artifact id: 'c6c848de863bfcd8696251f7073e7361') in 0.001738 seconds
  Import took 0.002571 seconds .

========================================================================
Received Prepare
Registering precompiled user dll's ...
Registered in 0.000450 seconds.
Begin MonoManager ReloadAssembly
Native extension for WindowsStandalone target not found
Refreshing native plugins compatible for Editor in 0.11 ms, found 0 plugins.
Preloading 0 native plugins for Editor in 0.00 ms.
Invoked RoslynAnalysisRunner static constructor.
RoslynAnalysisRunner will not be running.
RoslynAnalysisRunner has terminated.
Mono: successfully reloaded assembly
- Completed reload, in  0.565 seconds
Platform modules already initialized, skipping
Refreshing native plugins compatible for Editor in 0.11 ms, found 0 plugins.
Preloading 0 native plugins for Editor in 0.00 ms.
Unloading 641 Unused Serialized files (Serialized files now loaded: 0)
System memory in use before: 44.2 MB.
System memory in use after: 44.2 MB.

Unloading 4 unused Assets to reduce memory usage. Loaded Objects now: 1103.
Total: 1.013500 ms (FindLiveObjects: 0.090100 ms CreateObjectMapping: 0.016600 ms MarkObjects: 0.895500 ms  DeleteObjects: 0.010600 ms)

========================================================================
Received Import Request.
  Time since last request: 9.038751 seconds.
  path: Assets/Scenes/MyLevel 1.unity
  artifactKey: Guid(04a6a08acbf83a247995e2b7d0aabe31) Importer(815301076,1909f56bfc062723c751e8b465ee728b)
Start importing Assets/Scenes/MyLevel 1.unity using Guid(04a6a08acbf83a247995e2b7d0aabe31) Importer(815301076,1909f56bfc062723c751e8b465ee728b)  -> (artifact id: '6cc9e93187f9f3fcb1e5de69d1d4f983') in 0.007520 seconds
  Import took 0.008447 seconds .

========================================================================
Received Import Request.
  Time since last request: 12.508347 seconds.
  path: Assets/Scenes/MyLevel 2.unity
  artifactKey: Guid(04a6a08acbf83a247995e2b7d0aabe31) Importer(815301076,1909f56bfc062723c751e8b465ee728b)
Start importing Assets/Scenes/MyLevel 2.unity using Guid(04a6a08acbf83a247995e2b7d0aabe31) Importer(815301076,1909f56bfc062723c751e8b465ee728b)  -> (artifact id: '8482f631d7ddb8c27fba2da7a5684dc9') in 0.002026 seconds
  Import took 0.003311 seconds .

========================================================================
Received Import Request.
  Time since last request: 7.819499 seconds.
  path: Assets/Scenes/MyLevel 1.unity
  artifactKey: Guid(a32f61f57bac9ec4094b0bd166d7712b) Importer(815301076,1909f56bfc062723c751e8b465ee728b)
Start importing Assets/Scenes/MyLevel 1.unity using Guid(a32f61f57bac9ec4094b0bd166d7712b) Importer(815301076,1909f56bfc062723c751e8b465ee728b)  -> (artifact id: '0052e795461c1f8a40e4524112c70293') in 0.001733 seconds
  Import took 0.002804 seconds .

========================================================================
Received Prepare
Registering precompiled user dll's ...
Registered in 0.000460 seconds.
Begin MonoManager ReloadAssembly
Native extension for WindowsStandalone target not found
Refreshing native plugins compatible for Editor in 0.12 ms, found 0 plugins.
Preloading 0 native plugins for Editor in 0.00 ms.
Invoked RoslynAnalysisRunner static constructor.
RoslynAnalysisRunner will not be running.
RoslynAnalysisRunner has terminated.
Mono: successfully reloaded assembly
- Completed reload, in  0.562 seconds
Platform modules already initialized, skipping
Refreshing native plugins compatible for Editor in 0.12 ms, found 0 plugins.
Preloading 0 native plugins for Editor in 0.00 ms.
Unloading 641 Unused Serialized files (Serialized files now loaded: 0)
System memory in use before: 44.2 MB.
System memory in use after: 44.2 MB.

Unloading 4 unused Assets to reduce memory usage. Loaded Objects now: 1105.
Total: 1.296700 ms (FindLiveObjects: 0.068300 ms CreateObjectMapping: 0.014900 ms MarkObjects: 1.201700 ms  DeleteObjects: 0.011100 ms)

========================================================================
Received Import Request.
  Time since last request: 21.479894 seconds.
  path: Assets/Scenes/Level1.unity
  artifactKey: Guid(a32f61f57bac9ec4094b0bd166d7712b) Importer(815301076,1909f56bfc062723c751e8b465ee728b)
Start importing Assets/Scenes/Level1.unity using Guid(a32f61f57bac9ec4094b0bd166d7712b) Importer(815301076,1909f56bfc062723c751e8b465ee728b)  -> (artifact id: 'bf75493eb671f4132e1caaab98f7301f') in 0.008924 seconds
  Import took 0.009934 seconds .

========================================================================
Received Prepare
Registering precompiled user dll's ...
Registered in 0.000441 seconds.
Begin MonoManager ReloadAssembly
Native extension for WindowsStandalone target not found
Refreshing native plugins compatible for Editor in 0.13 ms, found 0 plugins.
Preloading 0 native plugins for Editor in 0.00 ms.
Invoked RoslynAnalysisRunner static constructor.
RoslynAnalysisRunner will not be running.
RoslynAnalysisRunner has terminated.
Mono: successfully reloaded assembly
- Completed reload, in  0.576 seconds
Platform modules already initialized, skipping
Refreshing native plugins compatible for Editor in 0.11 ms, found 0 plugins.
Preloading 0 native plugins for Editor in 0.00 ms.
Unloading 641 Unused Serialized files (Serialized files now loaded: 0)
System memory in use before: 44.2 MB.
System memory in use after: 44.3 MB.

Unloading 4 unused Assets to reduce memory usage. Loaded Objects now: 1107.
Total: 1.048900 ms (FindLiveObjects: 0.068300 ms CreateObjectMapping: 0.015300 ms MarkObjects: 0.956400 ms  DeleteObjects: 0.008200 ms)

========================================================================
Received Import Request.
  Time since last request: 135.254342 seconds.
  path: Assets/Scenes/Level1 1.unity
  artifactKey: Guid(6f35d39efb7e03f40b9791031188436f) Importer(815301076,1909f56bfc062723c751e8b465ee728b)
Start importing Assets/Scenes/Level1 1.unity using Guid(6f35d39efb7e03f40b9791031188436f) Importer(815301076,1909f56bfc062723c751e8b465ee728b)  -> (artifact id: 'aef5a208666464550377c081853ac412') in 0.009074 seconds
  Import took 0.010116 seconds .

========================================================================
Received Import Request.
  Time since last request: 11.940657 seconds.
  path: Assets/Scenes/Level2.unity
  artifactKey: Guid(6f35d39efb7e03f40b9791031188436f) Importer(815301076,1909f56bfc062723c751e8b465ee728b)
Start importing Assets/Scenes/Level2.unity using Guid(6f35d39efb7e03f40b9791031188436f) Importer(815301076,1909f56bfc062723c751e8b465ee728b)  -> (artifact id: '24c62808cd8aab4845accd7c541edebb') in 0.001802 seconds
  Import took 0.002795 seconds .

========================================================================
Received Import Request.
  Time since last request: 141.631914 seconds.
  path: Assets/Scenes/Level2 1.unity
  artifactKey: Guid(7415920ac7ed5124394980df72295d4b) Importer(815301076,1909f56bfc062723c751e8b465ee728b)
Start importing Assets/Scenes/Level2 1.unity using Guid(7415920ac7ed5124394980df72295d4b) Importer(815301076,1909f56bfc062723c751e8b465ee728b)  -> (artifact id: 'd28da76f73f70f8efca03cc7eb29b7fc') in 0.001692 seconds
  Import took 0.002672 seconds .

========================================================================
Received Import Request.
  Time since last request: 9.509241 seconds.
  path: Assets/Scenes/Level3.unity
  artifactKey: Guid(7415920ac7ed5124394980df72295d4b) Importer(815301076,1909f56bfc062723c751e8b465ee728b)
Start importing Assets/Scenes/Level3.unity using Guid(7415920ac7ed5124394980df72295d4b) Importer(815301076,1909f56bfc062723c751e8b465ee728b)  -> (artifact id: 'a3d0b0b6d551861d15898ec560583bb9') in 0.002249 seconds
  Import took 0.003916 seconds .

========================================================================
Received Import Request.
  Time since last request: 114.064175 seconds.
  path: Assets/Scenes/Title.unity
  artifactKey: Guid(0980bfe9c5cc93f4289099e07d5d7b09) Importer(815301076,1909f56bfc062723c751e8b465ee728b)
Start importing Assets/Scenes/Title.unity using Guid(0980bfe9c5cc93f4289099e07d5d7b09) Importer(815301076,1909f56bfc062723c751e8b465ee728b)  -> (artifact id: 'b5b87bcc2bb524f6aa69805878ac60db') in 0.002534 seconds
  Import took 0.003899 seconds .

========================================================================
Received Prepare
Registering precompiled user dll's ...
Registered in 0.000504 seconds.
Begin MonoManager ReloadAssembly
Native extension for WindowsStandalone target not found
Refreshing native plugins compatible for Editor in 0.11 ms, found 0 plugins.
Preloading 0 native plugins for Editor in 0.00 ms.
Invoked RoslynAnalysisRunner static constructor.
RoslynAnalysisRunner will not be running.
RoslynAnalysisRunner has terminated.
Mono: successfully reloaded assembly
- Completed reload, in  0.568 seconds
Platform modules already initialized, skipping
Refreshing native plugins compatible for Editor in 0.14 ms, found 0 plugins.
Preloading 0 native plugins for Editor in 0.00 ms.
Unloading 641 Unused Serialized files (Serialized files now loaded: 0)
System memory in use before: 44.2 MB.
System memory in use after: 44.3 MB.

Unloading 4 unused Assets to reduce memory usage. Loaded Objects now: 1109.
Total: 1.147800 ms (FindLiveObjects: 0.070500 ms CreateObjectMapping: 0.014600 ms MarkObjects: 1.052500 ms  DeleteObjects: 0.009100 ms)

========================================================================
Received Prepare
Registering precompiled user dll's ...
Registered in 0.000410 seconds.
Begin MonoManager ReloadAssembly
Native extension for WindowsStandalone target not found
Refreshing native plugins compatible for Editor in 0.11 ms, found 0 plugins.
Preloading 0 native plugins for Editor in 0.00 ms.
Invoked RoslynAnalysisRunner static constructor.
RoslynAnalysisRunner will not be running.
RoslynAnalysisRunner has terminated.
Mono: successfully reloaded assembly
- Completed reload, in  0.567 seconds
Platform modules already initialized, skipping
Refreshing native plugins compatible for Editor in 0.11 ms, found 0 plugins.
Preloading 0 native plugins for Editor in 0.00 ms.
Unloading 641 Unused Serialized files (Serialized files now loaded: 0)
System memory in use before: 44.3 MB.
System memory in use after: 44.3 MB.

Unloading 4 unused Assets to reduce memory usage. Loaded Objects now: 1111.
Total: 1.097000 ms (FindLiveObjects: 0.101200 ms CreateObjectMapping: 0.015900 ms MarkObjects: 0.970800 ms  DeleteObjects: 0.008300 ms)

========================================================================
Received Prepare
Registering precompiled user dll's ...
Registered in 0.000425 seconds.
Begin MonoManager ReloadAssembly
Native extension for WindowsStandalone target not found
Refreshing native plugins compatible for Editor in 0.11 ms, found 0 plugins.
Preloading 0 native plugins for Editor in 0.00 ms.
Invoked RoslynAnalysisRunner static constructor.
RoslynAnalysisRunner will not be running.
RoslynAnalysisRunner has terminated.
Mono: successfully reloaded assembly
- Completed reload, in  0.594 seconds
Platform modules already initialized, skipping
Refreshing native plugins compatible for Editor in 0.12 ms, found 0 plugins.
Preloading 0 native plugins for Editor in 0.00 ms.
Unloading 641 Unused Serialized files (Serialized files now loaded: 0)
System memory in use before: 44.2 MB.
System memory in use after: 44.3 MB.

Unloading 4 unused Assets to reduce memory usage. Loaded Objects now: 1113.
Total: 1.270900 ms (FindLiveObjects: 0.097200 ms CreateObjectMapping: 0.017000 ms MarkObjects: 1.145700 ms  DeleteObjects: 0.010100 ms)

========================================================================
Received Import Request.
  Time since last request: 338.124926 seconds.
  path: Assets/Scenes/Title.unity
  artifactKey: Guid(0980bfe9c5cc93f4289099e07d5d7b09) Importer(815301076,1909f56bfc062723c751e8b465ee728b)
Start importing Assets/Scenes/Title.unity using Guid(0980bfe9c5cc93f4289099e07d5d7b09) Importer(815301076,1909f56bfc062723c751e8b465ee728b)  -> (artifact id: 'beb7e289cf9d05b27ee24ea5fca75fa1') in 0.008628 seconds
  Import took 0.009629 seconds .

========================================================================
Received Import Request.
  Time since last request: 69.313291 seconds.
  path: Assets/Scripts/SceneController.cs
  artifactKey: Guid(5bebab4dc8abf7340b2de78be8a6e61e) Importer(815301076,1909f56bfc062723c751e8b465ee728b)
Start importing Assets/Scripts/SceneController.cs using Guid(5bebab4dc8abf7340b2de78be8a6e61e) Importer(815301076,1909f56bfc062723c751e8b465ee728b)  -> (artifact id: 'e3052a6500a859754716fcd0744121c4') in 0.021615 seconds
  Import took 0.022754 seconds .

========================================================================
Received Import Request.
  Time since last request: 786.304102 seconds.
  path: Assets/Scripts/PlayerController.cs
  artifactKey: Guid(28d866e8380baae45a51ffbf7b013710) Importer(815301076,1909f56bfc062723c751e8b465ee728b)
Start importing Assets/Scripts/PlayerController.cs using Guid(28d866e8380baae45a51ffbf7b013710) Importer(815301076,1909f56bfc062723c751e8b465ee728b)  -> (artifact id: 'b8cd274e85ae2aa82a3715a48e4ce013') in 0.002145 seconds
  Import took 0.003297 seconds .

========================================================================
Received Import Request.
  Time since last request: 0.000464 seconds.
  path: Assets/Scripts/PlayerController.cs
  artifactKey: Guid(28d866e8380baae45a51ffbf7b013710) Importer(815301076,1909f56bfc062723c751e8b465ee728b)
Start importing Assets/Scripts/PlayerController.cs using Guid(28d866e8380baae45a51ffbf7b013710) Importer(815301076,1909f56bfc062723c751e8b465ee728b)  -> (artifact id: 'b8cd274e85ae2aa82a3715a48e4ce013') in 0.001736 seconds
  Import took 0.002591 seconds .

========================================================================
Received Prepare
Registering precompiled user dll's ...
Registered in 0.000403 seconds.
Begin MonoManager ReloadAssembly
Native extension for WindowsStandalone target not found
Refreshing native plugins compatible for Editor in 0.12 ms, found 0 plugins.
Preloading 0 native plugins for Editor in 0.00 ms.
Invoked RoslynAnalysisRunner static constructor.
RoslynAnalysisRunner will not be running.
RoslynAnalysisRunner has terminated.
Mono: successfully reloaded assembly
- Completed reload, in  0.574 seconds
Platform modules already initialized, skipping
Refreshing native plugins compatible for Editor in 0.11 ms, found 0 plugins.
Preloading 0 native plugins for Editor in 0.00 ms.
Unloading 641 Unused Serialized files (Serialized files now loaded: 0)
System memory in use before: 44.3 MB.
System memory in use after: 44.3 MB.

Unloading 4 unused Assets to reduce memory usage. Loaded Objects now: 1115.
Total: 1.315600 ms (FindLiveObjects: 0.108000 ms CreateObjectMapping: 0.020300 ms MarkObjects: 1.175400 ms  DeleteObjects: 0.011200 ms)

========================================================================
Received Prepare
Registering precompiled user dll's ...
Registered in 0.000531 seconds.
Begin MonoManager ReloadAssembly
Native extension for WindowsStandalone target not found
Refreshing native plugins compatible for Editor in 0.11 ms, found 0 plugins.
Preloading 0 native plugins for Editor in 0.00 ms.
Invoked RoslynAnalysisRunner static constructor.
RoslynAnalysisRunner will not be running.
RoslynAnalysisRunner has terminated.
Mono: successfully reloaded assembly
- Completed reload, in  0.591 seconds
Platform modules already initialized, skipping
Refreshing native plugins compatible for Editor in 0.11 ms, found 0 plugins.
Preloading 0 native plugins for Editor in 0.00 ms.
Unloading 641 Unused Serialized files (Serialized files now loaded: 0)
System memory in use before: 44.3 MB.
System memory in use after: 44.3 MB.

Unloading 4 unused Assets to reduce memory usage. Loaded Objects now: 1117.
Total: 1.211300 ms (FindLiveObjects: 0.095700 ms CreateObjectMapping: 0.016500 ms MarkObjects: 1.087800 ms  DeleteObjects: 0.009700 ms)

========================================================================
Received Prepare
Registering precompiled user dll's ...
Registered in 0.000421 seconds.
Begin MonoManager ReloadAssembly
Native extension for WindowsStandalone target not found
Refreshing native plugins compatible for Editor in 0.11 ms, found 0 plugins.
Preloading 0 native plugins for Editor in 0.00 ms.
Invoked RoslynAnalysisRunner static constructor.
RoslynAnalysisRunner will not be running.
RoslynAnalysisRunner has terminated.
Mono: successfully reloaded assembly
- Completed reload, in  0.586 seconds
Platform modules already initialized, skipping
Refreshing native plugins compatible for Editor in 0.14 ms, found 0 plugins.
Preloading 0 native plugins for Editor in 0.00 ms.
Unloading 641 Unused Serialized files (Serialized files now loaded: 0)
System memory in use before: 44.3 MB.
System memory in use after: 44.3 MB.

Unloading 4 unused Assets to reduce memory usage. Loaded Objects now: 1119.
Total: 1.179000 ms (FindLiveObjects: 0.068600 ms CreateObjectMapping: 0.014600 ms MarkObjects: 1.085900 ms  DeleteObjects: 0.009200 ms)

========================================================================
Received Prepare
Registering precompiled user dll's ...
Registered in 0.000438 seconds.
Begin MonoManager ReloadAssembly
Native extension for WindowsStandalone target not found
Refreshing native plugins compatible for Editor in 0.11 ms, found 0 plugins.
Preloading 0 native plugins for Editor in 0.00 ms.
Invoked RoslynAnalysisRunner static constructor.
RoslynAnalysisRunner will not be running.
RoslynAnalysisRunner has terminated.
Mono: successfully reloaded assembly
- Completed reload, in  0.581 seconds
Platform modules already initialized, skipping
Refreshing native plugins compatible for Editor in 0.11 ms, found 0 plugins.
Preloading 0 native plugins for Editor in 0.00 ms.
Unloading 641 Unused Serialized files (Serialized files now loaded: 0)
System memory in use before: 44.3 MB.
System memory in use after: 44.3 MB.

Unloading 4 unused Assets to reduce memory usage. Loaded Objects now: 1121.
Total: 1.393900 ms (FindLiveObjects: 0.098900 ms CreateObjectMapping: 0.021000 ms MarkObjects: 1.262500 ms  DeleteObjects: 0.010500 ms)

========================================================================
Received Prepare
Registering precompiled user dll's ...
Registered in 0.000503 seconds.
Begin MonoManager ReloadAssembly
Native extension for WindowsStandalone target not found
Refreshing native plugins compatible for Editor in 0.17 ms, found 0 plugins.
Preloading 0 native plugins for Editor in 0.00 ms.
Invoked RoslynAnalysisRunner static constructor.
RoslynAnalysisRunner will not be running.
RoslynAnalysisRunner has terminated.
Mono: successfully reloaded assembly
- Completed reload, in  0.585 seconds
Platform modules already initialized, skipping
Refreshing native plugins compatible for Editor in 0.11 ms, found 0 plugins.
Preloading 0 native plugins for Editor in 0.00 ms.
Unloading 641 Unused Serialized files (Serialized files now loaded: 0)
System memory in use before: 44.3 MB.
System memory in use after: 44.4 MB.

Unloading 4 unused Assets to reduce memory usage. Loaded Objects now: 1123.
Total: 1.132600 ms (FindLiveObjects: 0.065200 ms CreateObjectMapping: 0.014900 ms MarkObjects: 1.043100 ms  DeleteObjects: 0.008900 ms)

========================================================================
Received Prepare
Registering precompiled user dll's ...
Registered in 0.000521 seconds.
Begin MonoManager ReloadAssembly
Native extension for WindowsStandalone target not found
Refreshing native plugins compatible for Editor in 0.11 ms, found 0 plugins.
Preloading 0 native plugins for Editor in 0.00 ms.
Invoked RoslynAnalysisRunner static constructor.
RoslynAnalysisRunner will not be running.
RoslynAnalysisRunner has terminated.
Mono: successfully reloaded assembly
- Completed reload, in  0.598 seconds
Platform modules already initialized, skipping
Refreshing native plugins compatible for Editor in 0.11 ms, found 0 plugins.
Preloading 0 native plugins for Editor in 0.00 ms.
Unloading 641 Unused Serialized files (Serialized files now loaded: 0)
System memory in use before: 44.3 MB.
System memory in use after: 44.3 MB.

Unloading 4 unused Assets to reduce memory usage. Loaded Objects now: 1125.
Total: 1.451400 ms (FindLiveObjects: 0.087100 ms CreateObjectMapping: 0.018200 ms MarkObjects: 1.333300 ms  DeleteObjects: 0.011900 ms)

========================================================================
Received Import Request.
  Time since last request: 785.873082 seconds.
  path: Assets/Scenes/Level1.unity
  artifactKey: Guid(a32f61f57bac9ec4094b0bd166d7712b) Importer(815301076,1909f56bfc062723c751e8b465ee728b)
Start importing Assets/Scenes/Level1.unity using Guid(a32f61f57bac9ec4094b0bd166d7712b) Importer(815301076,1909f56bfc062723c751e8b465ee728b)  -> (artifact id: 'a135a6ce5b4549fc21de012d91b929b0') in 0.009361 seconds
  Import took 0.010406 seconds .

========================================================================
Received Import Request.
  Time since last request: 10.572597 seconds.
  path: Assets/Perfabs/Canvas.prefab
  artifactKey: Guid(2a9733a6b14cb6a40b2ea6a1911d3560) Importer(815301076,1909f56bfc062723c751e8b465ee728b)
Start importing Assets/Perfabs/Canvas.prefab using Guid(2a9733a6b14cb6a40b2ea6a1911d3560) Importer(815301076,1909f56bfc062723c751e8b465ee728b)  -> (artifact id: '9fba23851251220bafaabb6c79e11c9b') in 0.073804 seconds
  Import took 0.075094 seconds .

========================================================================
Received Import Request.
  Time since last request: 76.846216 seconds.
  path: Assets/Scenes/Level1.unity
  artifactKey: Guid(a32f61f57bac9ec4094b0bd166d7712b) Importer(815301076,1909f56bfc062723c751e8b465ee728b)
Start importing Assets/Scenes/Level1.unity using Guid(a32f61f57bac9ec4094b0bd166d7712b) Importer(815301076,1909f56bfc062723c751e8b465ee728b)  -> (artifact id: 'db59b5fd070b8124f63568f659f66e2a') in 0.002101 seconds
  Import took 0.003348 seconds .

========================================================================
Received Import Request.
  Time since last request: 0.463079 seconds.
  path: Assets/Scenes/Level2.unity
  artifactKey: Guid(6f35d39efb7e03f40b9791031188436f) Importer(815301076,1909f56bfc062723c751e8b465ee728b)
Start importing Assets/Scenes/Level2.unity using Guid(6f35d39efb7e03f40b9791031188436f) Importer(815301076,1909f56bfc062723c751e8b465ee728b)  -> (artifact id: '1f9c8b6381e693974d0b519d620a556d') in 0.002535 seconds
  Import took 0.003869 seconds .

========================================================================
Received Prepare
Registering precompiled user dll's ...
Registered in 0.000583 seconds.
Begin MonoManager ReloadAssembly
Native extension for WindowsStandalone target not found
Refreshing native plugins compatible for Editor in 0.11 ms, found 0 plugins.
Preloading 0 native plugins for Editor in 0.00 ms.
Invoked RoslynAnalysisRunner static constructor.
RoslynAnalysisRunner will not be running.
RoslynAnalysisRunner has terminated.
Mono: successfully reloaded assembly
- Completed reload, in  0.590 seconds
Platform modules already initialized, skipping
Refreshing native plugins compatible for Editor in 0.12 ms, found 0 plugins.
Preloading 0 native plugins for Editor in 0.00 ms.
Unloading 641 Unused Serialized files (Serialized files now loaded: 0)
System memory in use before: 44.7 MB.
System memory in use after: 44.8 MB.

Unloading 6 unused Assets to reduce memory usage. Loaded Objects now: 1127.
Total: 1.067700 ms (FindLiveObjects: 0.067500 ms CreateObjectMapping: 0.014900 ms MarkObjects: 0.946200 ms  DeleteObjects: 0.038400 ms)

========================================================================
Received Import Request.
  Time since last request: 89.062592 seconds.
  path: Assets/Scenes/Level3.unity
  artifactKey: Guid(7415920ac7ed5124394980df72295d4b) Importer(815301076,1909f56bfc062723c751e8b465ee728b)
Start importing Assets/Scenes/Level3.unity using Guid(7415920ac7ed5124394980df72295d4b) Importer(815301076,1909f56bfc062723c751e8b465ee728b)  -> (artifact id: '54cf94be3d854cbd278decf0816815f6') in 0.009404 seconds
  Import took 0.010491 seconds .

========================================================================
Received Import Request.
  Time since last request: 8.308950 seconds.
  path: Assets/Scenes/Level2.unity
  artifactKey: Guid(6f35d39efb7e03f40b9791031188436f) Importer(815301076,1909f56bfc062723c751e8b465ee728b)
Start importing Assets/Scenes/Level2.unity using Guid(6f35d39efb7e03f40b9791031188436f) Importer(815301076,1909f56bfc062723c751e8b465ee728b)  -> (artifact id: '87443d7c5dcf87f26e21ca7454a2b0f3') in 0.002057 seconds
  Import took 0.003278 seconds .

========================================================================
Received Import Request.
  Time since last request: 0.000712 seconds.
  path: Assets/Scenes/Level2.unity
  artifactKey: Guid(6f35d39efb7e03f40b9791031188436f) Importer(815301076,1909f56bfc062723c751e8b465ee728b)
Start importing Assets/Scenes/Level2.unity using Guid(6f35d39efb7e03f40b9791031188436f) Importer(815301076,1909f56bfc062723c751e8b465ee728b)  -> (artifact id: '87443d7c5dcf87f26e21ca7454a2b0f3') in 0.002133 seconds
  Import took 0.003109 seconds .

========================================================================
Received Import Request.
  Time since last request: 95.498178 seconds.
  path: Assets/Scenes/Level1.unity
  artifactKey: Guid(a32f61f57bac9ec4094b0bd166d7712b) Importer(815301076,1909f56bfc062723c751e8b465ee728b)
Start importing Assets/Scenes/Level1.unity using Guid(a32f61f57bac9ec4094b0bd166d7712b) Importer(815301076,1909f56bfc062723c751e8b465ee728b)  -> (artifact id: 'd1e8c393389a93ddd12e5e9aae339650') in 0.002188 seconds
  Import took 0.003416 seconds .

========================================================================
Received Import Request.
  Time since last request: 0.000362 seconds.
  path: Assets/Scenes/Level1.unity
  artifactKey: Guid(a32f61f57bac9ec4094b0bd166d7712b) Importer(815301076,1909f56bfc062723c751e8b465ee728b)
Start importing Assets/Scenes/Level1.unity using Guid(a32f61f57bac9ec4094b0bd166d7712b) Importer(815301076,1909f56bfc062723c751e8b465ee728b)  -> (artifact id: 'd1e8c393389a93ddd12e5e9aae339650') in 0.002252 seconds
  Import took 0.003337 seconds .

========================================================================
Received Import Request.
  Time since last request: 6.326602 seconds.
  path: Assets/Scenes/Level3.unity
  artifactKey: Guid(7415920ac7ed5124394980df72295d4b) Importer(815301076,1909f56bfc062723c751e8b465ee728b)
Start importing Assets/Scenes/Level3.unity using Guid(7415920ac7ed5124394980df72295d4b) Importer(815301076,1909f56bfc062723c751e8b465ee728b)  -> (artifact id: '32a622aa8c2bda584fb98a4e3d47ffb0') in 0.002140 seconds
  Import took 0.003243 seconds .

========================================================================
Received Import Request.
  Time since last request: 0.000672 seconds.
  path: Assets/Scenes/Level3.unity
  artifactKey: Guid(7415920ac7ed5124394980df72295d4b) Importer(815301076,1909f56bfc062723c751e8b465ee728b)
Start importing Assets/Scenes/Level3.unity using Guid(7415920ac7ed5124394980df72295d4b) Importer(815301076,1909f56bfc062723c751e8b465ee728b)  -> (artifact id: '32a622aa8c2bda584fb98a4e3d47ffb0') in 0.002114 seconds
  Import took 0.003318 seconds .

========================================================================
Received Prepare
Registering precompiled user dll's ...
Registered in 0.000571 seconds.
Begin MonoManager ReloadAssembly
Native extension for WindowsStandalone target not found
Refreshing native plugins compatible for Editor in 0.13 ms, found 0 plugins.
Preloading 0 native plugins for Editor in 0.00 ms.
Invoked RoslynAnalysisRunner static constructor.
RoslynAnalysisRunner will not be running.
RoslynAnalysisRunner has terminated.
Mono: successfully reloaded assembly
- Completed reload, in  0.577 seconds
Platform modules already initialized, skipping
Refreshing native plugins compatible for Editor in 0.11 ms, found 0 plugins.
Preloading 0 native plugins for Editor in 0.00 ms.
Unloading 641 Unused Serialized files (Serialized files now loaded: 0)
System memory in use before: 44.7 MB.
System memory in use after: 44.7 MB.

Unloading 4 unused Assets to reduce memory usage. Loaded Objects now: 1129.
Total: 1.132300 ms (FindLiveObjects: 0.081300 ms CreateObjectMapping: 0.014500 ms MarkObjects: 1.027200 ms  DeleteObjects: 0.008600 ms)

========================================================================
Received Prepare
Registering precompiled user dll's ...
Registered in 0.000442 seconds.
Begin MonoManager ReloadAssembly
Native extension for WindowsStandalone target not found
Refreshing native plugins compatible for Editor in 0.14 ms, found 0 plugins.
Preloading 0 native plugins for Editor in 0.00 ms.
Invoked RoslynAnalysisRunner static constructor.
RoslynAnalysisRunner will not be running.
RoslynAnalysisRunner has terminated.
Mono: successfully reloaded assembly
- Completed reload, in  0.588 seconds
Platform modules already initialized, skipping
Refreshing native plugins compatible for Editor in 0.14 ms, found 0 plugins.
Preloading 0 native plugins for Editor in 0.00 ms.
Unloading 641 Unused Serialized files (Serialized files now loaded: 0)
System memory in use before: 44.7 MB.
System memory in use after: 44.8 MB.

Unloading 4 unused Assets to reduce memory usage. Loaded Objects now: 1131.
Total: 1.149900 ms (FindLiveObjects: 0.076400 ms CreateObjectMapping: 0.016300 ms MarkObjects: 1.048000 ms  DeleteObjects: 0.008500 ms)

========================================================================
Received Prepare
Registering precompiled user dll's ...
Registered in 0.000410 seconds.
Begin MonoManager ReloadAssembly
Native extension for WindowsStandalone target not found
Refreshing native plugins compatible for Editor in 0.13 ms, found 0 plugins.
Preloading 0 native plugins for Editor in 0.00 ms.
Invoked RoslynAnalysisRunner static constructor.
RoslynAnalysisRunner will not be running.
RoslynAnalysisRunner has terminated.
Mono: successfully reloaded assembly
- Completed reload, in  0.640 seconds
Platform modules already initialized, skipping
Refreshing native plugins compatible for Editor in 0.11 ms, found 0 plugins.
Preloading 0 native plugins for Editor in 0.00 ms.
Unloading 641 Unused Serialized files (Serialized files now loaded: 0)
System memory in use before: 44.7 MB.
System memory in use after: 44.8 MB.

Unloading 4 unused Assets to reduce memory usage. Loaded Objects now: 1133.
Total: 1.159700 ms (FindLiveObjects: 0.066500 ms CreateObjectMapping: 0.014600 ms MarkObjects: 1.069100 ms  DeleteObjects: 0.008800 ms)

========================================================================
Received Import Request.
  Time since last request: 161.380805 seconds.
  path: Assets/Scenes/Level1.unity
  artifactKey: Guid(a32f61f57bac9ec4094b0bd166d7712b) Importer(815301076,1909f56bfc062723c751e8b465ee728b)
Start importing Assets/Scenes/Level1.unity using Guid(a32f61f57bac9ec4094b0bd166d7712b) Importer(815301076,1909f56bfc062723c751e8b465ee728b)  -> (artifact id: 'bce11a9e416d16227c49a8b0e9eefce9') in 0.008351 seconds
  Import took 0.009421 seconds .

========================================================================
Received Prepare
Registering precompiled user dll's ...
Registered in 0.000707 seconds.
Begin MonoManager ReloadAssembly
Native extension for WindowsStandalone target not found
Refreshing native plugins compatible for Editor in 0.18 ms, found 0 plugins.
Preloading 0 native plugins for Editor in 0.00 ms.
Invoked RoslynAnalysisRunner static constructor.
RoslynAnalysisRunner will not be running.
RoslynAnalysisRunner has terminated.
Mono: successfully reloaded assembly
- Completed reload, in  0.584 seconds
Platform modules already initialized, skipping
Refreshing native plugins compatible for Editor in 0.11 ms, found 0 plugins.
Preloading 0 native plugins for Editor in 0.00 ms.
Unloading 641 Unused Serialized files (Serialized files now loaded: 0)
System memory in use before: 44.8 MB.
System memory in use after: 44.8 MB.

Unloading 4 unused Assets to reduce memory usage. Loaded Objects now: 1135.
Total: 1.180000 ms (FindLiveObjects: 0.068300 ms CreateObjectMapping: 0.015800 ms MarkObjects: 1.086000 ms  DeleteObjects: 0.009400 ms)

========================================================================
Received Import Request.
  Time since last request: 990.159082 seconds.
  path: Assets/Scripts/PlayerController.cs
  artifactKey: Guid(28d866e8380baae45a51ffbf7b013710) Importer(815301076,1909f56bfc062723c751e8b465ee728b)
Start importing Assets/Scripts/PlayerController.cs using Guid(28d866e8380baae45a51ffbf7b013710) Importer(815301076,1909f56bfc062723c751e8b465ee728b)  -> (artifact id: 'ccaf9b87fecb026d18ddc535a4b7a310') in 0.003499 seconds
  Import took 0.004823 seconds .

========================================================================
Received Import Request.
  Time since last request: 0.000298 seconds.
  path: Assets/Scripts/PlayerController.cs
  artifactKey: Guid(28d866e8380baae45a51ffbf7b013710) Importer(815301076,1909f56bfc062723c751e8b465ee728b)
Start importing Assets/Scripts/PlayerController.cs using Guid(28d866e8380baae45a51ffbf7b013710) Importer(815301076,1909f56bfc062723c751e8b465ee728b)  -> (artifact id: 'ccaf9b87fecb026d18ddc535a4b7a310') in 0.001739 seconds
  Import took 0.002681 seconds .

========================================================================
Received Prepare
Registering precompiled user dll's ...
Registered in 0.000532 seconds.
Begin MonoManager ReloadAssembly
Native extension for WindowsStandalone target not found
Refreshing native plugins compatible for Editor in 0.12 ms, found 0 plugins.
Preloading 0 native plugins for Editor in 0.00 ms.
Invoked RoslynAnalysisRunner static constructor.
RoslynAnalysisRunner will not be running.
RoslynAnalysisRunner has terminated.
Mono: successfully reloaded assembly
- Completed reload, in  0.569 seconds
Platform modules already initialized, skipping
Refreshing native plugins compatible for Editor in 0.14 ms, found 0 plugins.
Preloading 0 native plugins for Editor in 0.00 ms.
Unloading 641 Unused Serialized files (Serialized files now loaded: 0)
System memory in use before: 44.7 MB.
System memory in use after: 44.8 MB.

Unloading 4 unused Assets to reduce memory usage. Loaded Objects now: 1137.
Total: 1.380100 ms (FindLiveObjects: 0.113500 ms CreateObjectMapping: 0.029000 ms MarkObjects: 1.225500 ms  DeleteObjects: 0.011000 ms)

========================================================================
Received Import Request.
  Time since last request: 46.700879 seconds.
  path: Assets/Scripts/PlayerController.cs
  artifactKey: Guid(28d866e8380baae45a51ffbf7b013710) Importer(815301076,1909f56bfc062723c751e8b465ee728b)
Start importing Assets/Scripts/PlayerController.cs using Guid(28d866e8380baae45a51ffbf7b013710) Importer(815301076,1909f56bfc062723c751e8b465ee728b)  -> (artifact id: '9adeaf3a06d289e48f2c3bff0ab93a48') in 0.002874 seconds
  Import took 0.003802 seconds .

========================================================================
Received Import Request.
  Time since last request: 17.740048 seconds.
  path: Assets/Scripts/PlayerController.cs
  artifactKey: Guid(28d866e8380baae45a51ffbf7b013710) Importer(815301076,1909f56bfc062723c751e8b465ee728b)
Start importing Assets/Scripts/PlayerController.cs using Guid(28d866e8380baae45a51ffbf7b013710) Importer(815301076,1909f56bfc062723c751e8b465ee728b)  -> (artifact id: 'ade3d8788cdf5b8382722676094f07ad') in 0.001754 seconds
  Import took 0.002818 seconds .

========================================================================
Received Prepare
Registering precompiled user dll's ...
Registered in 0.000694 seconds.
Begin MonoManager ReloadAssembly
Native extension for WindowsStandalone target not found
Refreshing native plugins compatible for Editor in 0.13 ms, found 0 plugins.
Preloading 0 native plugins for Editor in 0.00 ms.
Invoked RoslynAnalysisRunner static constructor.
RoslynAnalysisRunner will not be running.
RoslynAnalysisRunner has terminated.
Mono: successfully reloaded assembly
- Completed reload, in  0.587 seconds
Platform modules already initialized, skipping
Refreshing native plugins compatible for Editor in 0.11 ms, found 0 plugins.
Preloading 0 native plugins for Editor in 0.00 ms.
Unloading 641 Unused Serialized files (Serialized files now loaded: 0)
System memory in use before: 44.8 MB.
System memory in use after: 44.8 MB.

Unloading 4 unused Assets to reduce memory usage. Loaded Objects now: 1139.
Total: 1.044800 ms (FindLiveObjects: 0.084300 ms CreateObjectMapping: 0.033000 ms MarkObjects: 0.917800 ms  DeleteObjects: 0.009000 ms)

========================================================================
Received Prepare
Registering precompiled user dll's ...
Registered in 0.000443 seconds.
Begin MonoManager ReloadAssembly
Native extension for WindowsStandalone target not found
Refreshing native plugins compatible for Editor in 0.15 ms, found 0 plugins.
Preloading 0 native plugins for Editor in 0.00 ms.
Invoked RoslynAnalysisRunner static constructor.
RoslynAnalysisRunner will not be running.
RoslynAnalysisRunner has terminated.
Mono: successfully reloaded assembly
- Completed reload, in  0.578 seconds
Platform modules already initialized, skipping
Refreshing native plugins compatible for Editor in 0.12 ms, found 0 plugins.
Preloading 0 native plugins for Editor in 0.00 ms.
Unloading 641 Unused Serialized files (Serialized files now loaded: 0)
System memory in use before: 44.7 MB.
System memory in use after: 44.8 MB.

Unloading 4 unused Assets to reduce memory usage. Loaded Objects now: 1141.
Total: 1.228700 ms (FindLiveObjects: 0.070200 ms CreateObjectMapping: 0.016600 ms MarkObjects: 1.131700 ms  DeleteObjects: 0.009200 ms)

========================================================================
Received Import Request.
  Time since last request: 408.739793 seconds.
  path: Assets/Scenes/Level1.unity
  artifactKey: Guid(a32f61f57bac9ec4094b0bd166d7712b) Importer(815301076,1909f56bfc062723c751e8b465ee728b)
Start importing Assets/Scenes/Level1.unity using Guid(a32f61f57bac9ec4094b0bd166d7712b) Importer(815301076,1909f56bfc062723c751e8b465ee728b)  -> (artifact id: 'bace9c0a453f65a99182a7dc2715c78f') in 0.009171 seconds
  Import took 0.010260 seconds .

AssetImportWorkerClient::OnTransportError - code=2 error=End of file
